<?xml version="1.0" encoding="UTF-8"?>
<testsuite xmlns:xsi="http://www.w3.org/2001/XMLSchema-instance" xsi:noNamespaceSchemaLocation="https://maven.apache.org/surefire/maven-surefire-plugin/xsd/surefire-test-report.xsd" version="3.0.2" name="timetweak.backend.BackendApplicationTests" time="14.28" tests="1" errors="0" skipped="0" failures="0">
  <properties>
[...]
</properties>
  <testcase name="contextLoads" classname="timetweak.backend.BackendApplicationTests" time="0.728">
    <system-out><![CDATA[13:57:24.440 [main] INFO org.springframework.test.context.support.AnnotationConfigContextLoaderUtils -- Could not detect default configuration classes for test class [timetweak.backend.BackendApplicationTests]: BackendApplicationTests does not declare any static, non-private, non-final, nested classes annotated with @Configuration.
13:57:24.621 [main] INFO org.springframework.boot.test.context.SpringBootTestContextBootstrapper -- Found @SpringBootConfiguration timetweak.backend.BackendApplication for test class timetweak.backend.BackendApplicationTests

  .   ____          _            __ _ _
 /\\ / ___'_ __ _ _(_)_ __  __ _ \ \ \ \
( ( )\___ | '_ | '_| | '_ \/ _` | \ \ \ \
 \\/  ___)| |_)| | | | | || (_| |  ) ) ) )
  '  |____| .__|_| |_|_| |_\__, | / / / /
 =========|_|==============|___/=/_/_/_/

 :: Spring Boot ::                (v3.4.2)

2025-04-08T13:57:25.188+05:30  INFO 72654 --- [backend] [           main] t.backend.BackendApplicationTests        : Starting BackendApplicationTests using Java 23.0.2 with PID 72654 (started by ansafhassan in /Users/ansafhassan/Documents/Semester VI/Software Engineering/Project/code/TimeTweak/backend)
2025-04-08T13:57:25.190+05:30  INFO 72654 --- [backend] [           main] t.backend.BackendApplicationTests        : No active profile set, falling back to 1 default profile: "default"
2025-04-08T13:57:26.462+05:30  INFO 72654 --- [backend] [           main] .s.d.r.c.RepositoryConfigurationDelegate : Bootstrapping Spring Data JPA repositories in DEFAULT mode.
2025-04-08T13:57:26.592+05:30  INFO 72654 --- [backend] [           main] .s.d.r.c.RepositoryConfigurationDelegate : Finished Spring Data repository scanning in 118 ms. Found 9 JPA repository interfaces.
2025-04-08T13:57:27.256+05:30  INFO 72654 --- [backend] [           main] o.hibernate.jpa.internal.util.LogHelper  : HHH000204: Processing PersistenceUnitInfo [name: default]
2025-04-08T13:57:27.303+05:30  INFO 72654 --- [backend] [           main] org.hibernate.Version                    : HHH000412: Hibernate ORM core version 6.6.5.Final
2025-04-08T13:57:27.344+05:30  INFO 72654 --- [backend] [           main] o.h.c.internal.RegionFactoryInitiator    : HHH000026: Second-level cache disabled
2025-04-08T13:57:27.821+05:30  INFO 72654 --- [backend] [           main] o.s.o.j.p.SpringPersistenceUnitInfo      : No LoadTimeWeaver setup: ignoring JPA class transformer
2025-04-08T13:57:27.870+05:30  INFO 72654 --- [backend] [           main] com.zaxxer.hikari.HikariDataSource       : HikariPool-1 - Starting...
2025-04-08T13:57:28.694+05:30  INFO 72654 --- [backend] [           main] com.zaxxer.hikari.pool.HikariPool        : HikariPool-1 - Added connection org.postgresql.jdbc.PgConnection@5f3f3d00
2025-04-08T13:57:28.696+05:30  INFO 72654 --- [backend] [           main] com.zaxxer.hikari.HikariDataSource       : HikariPool-1 - Start completed.
2025-04-08T13:57:28.756+05:30  WARN 72654 --- [backend] [           main] org.hibernate.orm.deprecation            : HHH90000025: PostgreSQLDialect does not need to be specified explicitly using 'hibernate.dialect' (remove the property setting and it will be selected by default)
2025-04-08T13:57:28.846+05:30  INFO 72654 --- [backend] [           main] org.hibernate.orm.connections.pooling    : HHH10001005: Database info:
	Database JDBC URL [Connecting through datasource 'HikariDataSource (HikariPool-1)']
	Database driver: undefined/unknown
	Database version: 16.8
	Autocommit mode: undefined/unknown
	Isolation level: undefined/unknown
	Minimum pool size: undefined/unknown
	Maximum pool size: undefined/unknown
2025-04-08T13:57:30.332+05:30  INFO 72654 --- [backend] [           main] o.h.e.t.j.p.i.JtaPlatformInitiator       : HHH000489: No JTA platform available (set 'hibernate.transaction.jta.platform' to enable JTA platform integration)
2025-04-08T13:57:32.967+05:30  INFO 72654 --- [backend] [           main] j.LocalContainerEntityManagerFactoryBean : Initialized JPA EntityManagerFactory for persistence unit 'default'
2025-04-08T13:57:33.882+05:30  WARN 72654 --- [backend] [           main] JpaBaseConfiguration$JpaWebConfiguration : spring.jpa.open-in-view is enabled by default. Therefore, database queries may be performed during view rendering. Explicitly configure spring.jpa.open-in-view to disable this warning
2025-04-08T13:57:34.336+05:30  INFO 72654 --- [backend] [           main] t.backend.BackendApplicationTests        : Started BackendApplicationTests in 9.548 seconds (process running for 10.98)
Hibernate: 
    select
        tte1_0.id,
        tte1_0.active,
        tte1_0.batch,
        tte1_0.branch,
        tte1_0.course_id,
        tte1_0.course_identifier,
        tte1_0.date,
        tte1_0.slot_id,
        tte1_0.slot_identifier,
        tte1_0.type 
    from
        time_table_entry tte1_0 
    where
        tte1_0.type=?
Hibernate: 
    select
        c1_0.id,
        c1_0.course_id,
        c1_0.description,
        f1_0.id,
        f1_1.password,
        f1_1.role,
        f1_1.username,
        f1_0.faculty_id,
        c1_0.title 
    from
        course c1_0 
    left join
        faculty f1_0 
            on f1_0.id=c1_0.faculty_id 
    left join
        people f1_1 
            on f1_0.id=f1_1.id 
    where
        c1_0.id=?
Hibernate: 
    select
        s1_0.id,
        s1_0.name 
    from
        slot s1_0 
    where
        s1_0.id=?
Hibernate: 
    select
        c1_0.id,
        c1_0.course_id,
        c1_0.description,
        f1_0.id,
        f1_1.password,
        f1_1.role,
        f1_1.username,
        f1_0.faculty_id,
        c1_0.title 
    from
        course c1_0 
    left join
        faculty f1_0 
            on f1_0.id=c1_0.faculty_id 
    left join
        people f1_1 
            on f1_0.id=f1_1.id 
    where
        c1_0.id=?
Hibernate: 
    select
        s1_0.id,
        s1_0.name 
    from
        slot s1_0 
    where
        s1_0.id=?
Hibernate: 
    select
        c1_0.id,
        c1_0.course_id,
        c1_0.description,
        f1_0.id,
        f1_1.password,
        f1_1.role,
        f1_1.username,
        f1_0.faculty_id,
        c1_0.title 
    from
        course c1_0 
    left join
        faculty f1_0 
            on f1_0.id=c1_0.faculty_id 
    left join
        people f1_1 
            on f1_0.id=f1_1.id 
    where
        c1_0.id=?
Hibernate: 
    select
        s1_0.id,
        s1_0.name 
    from
        slot s1_0 
    where
        s1_0.id=?
Hibernate: 
    select
        c1_0.id,
        c1_0.course_id,
        c1_0.description,
        f1_0.id,
        f1_1.password,
        f1_1.role,
        f1_1.username,
        f1_0.faculty_id,
        c1_0.title 
    from
        course c1_0 
    left join
        faculty f1_0 
            on f1_0.id=c1_0.faculty_id 
    left join
        people f1_1 
            on f1_0.id=f1_1.id 
    where
        c1_0.id=?
Hibernate: 
    select
        s1_0.id,
        s1_0.name 
    from
        slot s1_0 
    where
        s1_0.id=?
Hibernate: 
    select
        c1_0.id,
        c1_0.course_id,
        c1_0.description,
        f1_0.id,
        f1_1.password,
        f1_1.role,
        f1_1.username,
        f1_0.faculty_id,
        c1_0.title 
    from
        course c1_0 
    left join
        faculty f1_0 
            on f1_0.id=c1_0.faculty_id 
    left join
        people f1_1 
            on f1_0.id=f1_1.id 
    where
        c1_0.id=?
Hibernate: 
    select
        s1_0.id,
        s1_0.name 
    from
        slot s1_0 
    where
        s1_0.id=?
Hibernate: 
    select
        c1_0.id,
        c1_0.course_id,
        c1_0.description,
        f1_0.id,
        f1_1.password,
        f1_1.role,
        f1_1.username,
        f1_0.faculty_id,
        c1_0.title 
    from
        course c1_0 
    left join
        faculty f1_0 
            on f1_0.id=c1_0.faculty_id 
    left join
        people f1_1 
            on f1_0.id=f1_1.id 
    where
        c1_0.id=?
Hibernate: 
    select
        s1_0.id,
        s1_0.name 
    from
        slot s1_0 
    where
        s1_0.id=?
Hibernate: 
    select
        tte1_0.id,
        tte1_0.active,
        tte1_0.batch,
        tte1_0.branch,
        c1_0.id,
        c1_0.course_id,
        c1_0.description,
        f1_0.id,
        f1_1.password,
        f1_1.role,
        f1_1.username,
        f1_0.faculty_id,
        al1_0.faculty_id,
        al1_0.id,
        al1_0.app_id,
        c2_0.id,
        case 
            when c2_1.id is not null 
                then 2 
            when c2_0.id is not null 
                then 1 
            when c2_2.id is not null 
                then 0 
        end,
        c2_2.password,
        c2_2.role,
        c2_2.username,
        c2_0.batch,
        c2_0.branch,
        c2_0.reg_no,
        c2_1.course,
        al1_0.client_identifier,
        al1_0.client_name,
        al1_0.date,
        al1_0.reason,
        al1_0.recipient_identifier,
        al1_0.recipient_name,
        al1_0.slot,
        al1_0.status,
        c1_0.title,
        tte1_0.course_identifier,
        tte1_0.date,
        s1_0.id,
        s1_0.name,
        tte1_0.slot_identifier,
        tte1_0.type 
    from
        time_table_entry tte1_0 
    left join
        course c1_0 
            on c1_0.id=tte1_0.course_id 
    left join
        faculty f1_0 
            on f1_0.id=c1_0.faculty_id 
    left join
        people f1_1 
            on f1_0.id=f1_1.id 
    left join
        appointment al1_0 
            on f1_0.id=al1_0.faculty_id 
    left join
        student c2_0 
            on c2_0.id=al1_0.student_id 
    left join
        class_rep c2_1 
            on c2_0.id=c2_1.id 
    left join
        people c2_2 
            on c2_0.id=c2_2.id 
    left join
        slot s1_0 
            on s1_0.id=tte1_0.slot_id 
    where
        tte1_0.id=?
Hibernate: 
    select
        tte1_0.course_id,
        tte1_0.id,
        tte1_0.active,
        tte1_0.batch,
        tte1_0.branch,
        tte1_0.course_identifier,
        tte1_0.date,
        s1_0.id,
        s1_0.name,
        tte1_0.slot_identifier,
        tte1_0.type 
    from
        time_table_entry tte1_0 
    left join
        slot s1_0 
            on s1_0.id=tte1_0.slot_id 
    where
        tte1_0.course_id=?
Hibernate: 
    select
        cl1_0.faculty_id,
        cl1_0.id,
        cl1_0.course_id,
        cl1_0.description,
        cl1_0.title 
    from
        course cl1_0 
    where
        cl1_0.faculty_id=?
Hibernate: 
    select
        es1_0.course_id,
        es1_1.id,
        case 
            when es1_2.id is not null 
                then 2 
            when es1_1.id is not null 
                then 1 
            when es1_3.id is not null 
                then 0 
        end,
        es1_3.password,
        es1_3.role,
        es1_3.username,
        es1_1.batch,
        es1_1.branch,
        es1_1.reg_no,
        es1_2.course 
    from
        student_courses es1_0 
    join
        student es1_1 
            on es1_1.id=es1_0.student_id 
    left join
        class_rep es1_2 
            on es1_1.id=es1_2.id 
    join
        people es1_3 
            on es1_1.id=es1_3.id 
    where
        es1_0.course_id=?
Hibernate: 
    select
        tte1_0.id,
        tte1_0.active,
        tte1_0.batch,
        tte1_0.branch,
        c1_0.id,
        c1_0.course_id,
        c1_0.description,
        f1_0.id,
        f1_1.password,
        f1_1.role,
        f1_1.username,
        f1_0.faculty_id,
        al1_0.faculty_id,
        al1_0.id,
        al1_0.app_id,
        c2_0.id,
        case 
            when c2_1.id is not null 
                then 2 
            when c2_0.id is not null 
                then 1 
            when c2_2.id is not null 
                then 0 
        end,
        c2_2.password,
        c2_2.role,
        c2_2.username,
        c2_0.batch,
        c2_0.branch,
        c2_0.reg_no,
        c2_1.course,
        al1_0.client_identifier,
        al1_0.client_name,
        al1_0.date,
        al1_0.reason,
        al1_0.recipient_identifier,
        al1_0.recipient_name,
        al1_0.slot,
        al1_0.status,
        c1_0.title,
        tte1_0.course_identifier,
        tte1_0.date,
        s1_0.id,
        s1_0.name,
        tte1_0.slot_identifier,
        tte1_0.type 
    from
        time_table_entry tte1_0 
    left join
        course c1_0 
            on c1_0.id=tte1_0.course_id 
    left join
        faculty f1_0 
            on f1_0.id=c1_0.faculty_id 
    left join
        people f1_1 
            on f1_0.id=f1_1.id 
    left join
        appointment al1_0 
            on f1_0.id=al1_0.faculty_id 
    left join
        student c2_0 
            on c2_0.id=al1_0.student_id 
    left join
        class_rep c2_1 
            on c2_0.id=c2_1.id 
    left join
        people c2_2 
            on c2_0.id=c2_2.id 
    left join
        slot s1_0 
            on s1_0.id=tte1_0.slot_id 
    where
        tte1_0.id=?
Hibernate: 
    select
        tte1_0.course_id,
        tte1_0.id,
        tte1_0.active,
        tte1_0.batch,
        tte1_0.branch,
        tte1_0.course_identifier,
        tte1_0.date,
        s1_0.id,
        s1_0.name,
        tte1_0.slot_identifier,
        tte1_0.type 
    from
        time_table_entry tte1_0 
    left join
        slot s1_0 
            on s1_0.id=tte1_0.slot_id 
    where
        tte1_0.course_id=?
Hibernate: 
    select
        cl1_0.faculty_id,
        cl1_0.id,
        cl1_0.course_id,
        cl1_0.description,
        cl1_0.title 
    from
        course cl1_0 
    where
        cl1_0.faculty_id=?
Hibernate: 
    select
        es1_0.course_id,
        es1_1.id,
        case 
            when es1_2.id is not null 
                then 2 
            when es1_1.id is not null 
                then 1 
            when es1_3.id is not null 
                then 0 
        end,
        es1_3.password,
        es1_3.role,
        es1_3.username,
        es1_1.batch,
        es1_1.branch,
        es1_1.reg_no,
        es1_2.course 
    from
        student_courses es1_0 
    join
        student es1_1 
            on es1_1.id=es1_0.student_id 
    left join
        class_rep es1_2 
            on es1_1.id=es1_2.id 
    join
        people es1_3 
            on es1_1.id=es1_3.id 
    where
        es1_0.course_id=?
Hibernate: 
    select
        tte1_0.id,
        tte1_0.active,
        tte1_0.batch,
        tte1_0.branch,
        c1_0.id,
        c1_0.course_id,
        c1_0.description,
        f1_0.id,
        f1_1.password,
        f1_1.role,
        f1_1.username,
        f1_0.faculty_id,
        al1_0.faculty_id,
        al1_0.id,
        al1_0.app_id,
        c2_0.id,
        case 
            when c2_1.id is not null 
                then 2 
            when c2_0.id is not null 
                then 1 
            when c2_2.id is not null 
                then 0 
        end,
        c2_2.password,
        c2_2.role,
        c2_2.username,
        c2_0.batch,
        c2_0.branch,
        c2_0.reg_no,
        c2_1.course,
        al1_0.client_identifier,
        al1_0.client_name,
        al1_0.date,
        al1_0.reason,
        al1_0.recipient_identifier,
        al1_0.recipient_name,
        al1_0.slot,
        al1_0.status,
        c1_0.title,
        tte1_0.course_identifier,
        tte1_0.date,
        s1_0.id,
        s1_0.name,
        tte1_0.slot_identifier,
        tte1_0.type 
    from
        time_table_entry tte1_0 
    left join
        course c1_0 
            on c1_0.id=tte1_0.course_id 
    left join
        faculty f1_0 
            on f1_0.id=c1_0.faculty_id 
    left join
        people f1_1 
            on f1_0.id=f1_1.id 
    left join
        appointment al1_0 
            on f1_0.id=al1_0.faculty_id 
    left join
        student c2_0 
            on c2_0.id=al1_0.student_id 
    left join
        class_rep c2_1 
            on c2_0.id=c2_1.id 
    left join
        people c2_2 
            on c2_0.id=c2_2.id 
    left join
        slot s1_0 
            on s1_0.id=tte1_0.slot_id 
    where
        tte1_0.id=?
Hibernate: 
    select
        tte1_0.course_id,
        tte1_0.id,
        tte1_0.active,
        tte1_0.batch,
        tte1_0.branch,
        tte1_0.course_identifier,
        tte1_0.date,
        s1_0.id,
        s1_0.name,
        tte1_0.slot_identifier,
        tte1_0.type 
    from
        time_table_entry tte1_0 
    left join
        slot s1_0 
            on s1_0.id=tte1_0.slot_id 
    where
        tte1_0.course_id=?
Hibernate: 
    select
        cl1_0.faculty_id,
        cl1_0.id,
        cl1_0.course_id,
        cl1_0.description,
        cl1_0.title 
    from
        course cl1_0 
    where
        cl1_0.faculty_id=?
Hibernate: 
    select
        es1_0.course_id,
        es1_1.id,
        case 
            when es1_2.id is not null 
                then 2 
            when es1_1.id is not null 
                then 1 
            when es1_3.id is not null 
                then 0 
        end,
        es1_3.password,
        es1_3.role,
        es1_3.username,
        es1_1.batch,
        es1_1.branch,
        es1_1.reg_no,
        es1_2.course 
    from
        student_courses es1_0 
    join
        student es1_1 
            on es1_1.id=es1_0.student_id 
    left join
        class_rep es1_2 
            on es1_1.id=es1_2.id 
    join
        people es1_3 
            on es1_1.id=es1_3.id 
    where
        es1_0.course_id=?
Hibernate: 
    select
        tte1_0.id,
        tte1_0.active,
        tte1_0.batch,
        tte1_0.branch,
        c1_0.id,
        c1_0.course_id,
        c1_0.description,
        f1_0.id,
        f1_1.password,
        f1_1.role,
        f1_1.username,
        f1_0.faculty_id,
        al1_0.faculty_id,
        al1_0.id,
        al1_0.app_id,
        c2_0.id,
        case 
            when c2_1.id is not null 
                then 2 
            when c2_0.id is not null 
                then 1 
            when c2_2.id is not null 
                then 0 
        end,
        c2_2.password,
        c2_2.role,
        c2_2.username,
        c2_0.batch,
        c2_0.branch,
        c2_0.reg_no,
        c2_1.course,
        al1_0.client_identifier,
        al1_0.client_name,
        al1_0.date,
        al1_0.reason,
        al1_0.recipient_identifier,
        al1_0.recipient_name,
        al1_0.slot,
        al1_0.status,
        c1_0.title,
        tte1_0.course_identifier,
        tte1_0.date,
        s1_0.id,
        s1_0.name,
        tte1_0.slot_identifier,
        tte1_0.type 
    from
        time_table_entry tte1_0 
    left join
        course c1_0 
            on c1_0.id=tte1_0.course_id 
    left join
        faculty f1_0 
            on f1_0.id=c1_0.faculty_id 
    left join
        people f1_1 
            on f1_0.id=f1_1.id 
    left join
        appointment al1_0 
            on f1_0.id=al1_0.faculty_id 
    left join
        student c2_0 
            on c2_0.id=al1_0.student_id 
    left join
        class_rep c2_1 
            on c2_0.id=c2_1.id 
    left join
        people c2_2 
            on c2_0.id=c2_2.id 
    left join
        slot s1_0 
            on s1_0.id=tte1_0.slot_id 
    where
        tte1_0.id=?
Hibernate: 
    select
        tte1_0.course_id,
        tte1_0.id,
        tte1_0.active,
        tte1_0.batch,
        tte1_0.branch,
        tte1_0.course_identifier,
        tte1_0.date,
        s1_0.id,
        s1_0.name,
        tte1_0.slot_identifier,
        tte1_0.type 
    from
        time_table_entry tte1_0 
    left join
        slot s1_0 
            on s1_0.id=tte1_0.slot_id 
    where
        tte1_0.course_id=?
Hibernate: 
    select
        cl1_0.faculty_id,
        cl1_0.id,
        cl1_0.course_id,
        cl1_0.description,
        cl1_0.title 
    from
        course cl1_0 
    where
        cl1_0.faculty_id=?
Hibernate: 
    select
        es1_0.course_id,
        es1_1.id,
        case 
            when es1_2.id is not null 
                then 2 
            when es1_1.id is not null 
                then 1 
            when es1_3.id is not null 
                then 0 
        end,
        es1_3.password,
        es1_3.role,
        es1_3.username,
        es1_1.batch,
        es1_1.branch,
        es1_1.reg_no,
        es1_2.course 
    from
        student_courses es1_0 
    join
        student es1_1 
            on es1_1.id=es1_0.student_id 
    left join
        class_rep es1_2 
            on es1_1.id=es1_2.id 
    join
        people es1_3 
            on es1_1.id=es1_3.id 
    where
        es1_0.course_id=?
Hibernate: 
    select
        tte1_0.id,
        tte1_0.active,
        tte1_0.batch,
        tte1_0.branch,
        c1_0.id,
        c1_0.course_id,
        c1_0.description,
        f1_0.id,
        f1_1.password,
        f1_1.role,
        f1_1.username,
        f1_0.faculty_id,
        al1_0.faculty_id,
        al1_0.id,
        al1_0.app_id,
        c2_0.id,
        case 
            when c2_1.id is not null 
                then 2 
            when c2_0.id is not null 
                then 1 
            when c2_2.id is not null 
                then 0 
        end,
        c2_2.password,
        c2_2.role,
        c2_2.username,
        c2_0.batch,
        c2_0.branch,
        c2_0.reg_no,
        c2_1.course,
        al1_0.client_identifier,
        al1_0.client_name,
        al1_0.date,
        al1_0.reason,
        al1_0.recipient_identifier,
        al1_0.recipient_name,
        al1_0.slot,
        al1_0.status,
        c1_0.title,
        tte1_0.course_identifier,
        tte1_0.date,
        s1_0.id,
        s1_0.name,
        tte1_0.slot_identifier,
        tte1_0.type 
    from
        time_table_entry tte1_0 
    left join
        course c1_0 
            on c1_0.id=tte1_0.course_id 
    left join
        faculty f1_0 
            on f1_0.id=c1_0.faculty_id 
    left join
        people f1_1 
            on f1_0.id=f1_1.id 
    left join
        appointment al1_0 
            on f1_0.id=al1_0.faculty_id 
    left join
        student c2_0 
            on c2_0.id=al1_0.student_id 
    left join
        class_rep c2_1 
            on c2_0.id=c2_1.id 
    left join
        people c2_2 
            on c2_0.id=c2_2.id 
    left join
        slot s1_0 
            on s1_0.id=tte1_0.slot_id 
    where
        tte1_0.id=?
Hibernate: 
    select
        tte1_0.course_id,
        tte1_0.id,
        tte1_0.active,
        tte1_0.batch,
        tte1_0.branch,
        tte1_0.course_identifier,
        tte1_0.date,
        s1_0.id,
        s1_0.name,
        tte1_0.slot_identifier,
        tte1_0.type 
    from
        time_table_entry tte1_0 
    left join
        slot s1_0 
            on s1_0.id=tte1_0.slot_id 
    where
        tte1_0.course_id=?
Hibernate: 
    select
        cl1_0.faculty_id,
        cl1_0.id,
        cl1_0.course_id,
        cl1_0.description,
        cl1_0.title 
    from
        course cl1_0 
    where
        cl1_0.faculty_id=?
Hibernate: 
    select
        es1_0.course_id,
        es1_1.id,
        case 
            when es1_2.id is not null 
                then 2 
            when es1_1.id is not null 
                then 1 
            when es1_3.id is not null 
                then 0 
        end,
        es1_3.password,
        es1_3.role,
        es1_3.username,
        es1_1.batch,
        es1_1.branch,
        es1_1.reg_no,
        es1_2.course 
    from
        student_courses es1_0 
    join
        student es1_1 
            on es1_1.id=es1_0.student_id 
    left join
        class_rep es1_2 
            on es1_1.id=es1_2.id 
    join
        people es1_3 
            on es1_1.id=es1_3.id 
    where
        es1_0.course_id=?
Hibernate: 
    select
        tte1_0.id,
        tte1_0.active,
        tte1_0.batch,
        tte1_0.branch,
        c1_0.id,
        c1_0.course_id,
        c1_0.description,
        f1_0.id,
        f1_1.password,
        f1_1.role,
        f1_1.username,
        f1_0.faculty_id,
        al1_0.faculty_id,
        al1_0.id,
        al1_0.app_id,
        c2_0.id,
        case 
            when c2_1.id is not null 
                then 2 
            when c2_0.id is not null 
                then 1 
            when c2_2.id is not null 
                then 0 
        end,
        c2_2.password,
        c2_2.role,
        c2_2.username,
        c2_0.batch,
        c2_0.branch,
        c2_0.reg_no,
        c2_1.course,
        al1_0.client_identifier,
        al1_0.client_name,
        al1_0.date,
        al1_0.reason,
        al1_0.recipient_identifier,
        al1_0.recipient_name,
        al1_0.slot,
        al1_0.status,
        c1_0.title,
        tte1_0.course_identifier,
        tte1_0.date,
        s1_0.id,
        s1_0.name,
        tte1_0.slot_identifier,
        tte1_0.type 
    from
        time_table_entry tte1_0 
    left join
        course c1_0 
            on c1_0.id=tte1_0.course_id 
    left join
        faculty f1_0 
            on f1_0.id=c1_0.faculty_id 
    left join
        people f1_1 
            on f1_0.id=f1_1.id 
    left join
        appointment al1_0 
            on f1_0.id=al1_0.faculty_id 
    left join
        student c2_0 
            on c2_0.id=al1_0.student_id 
    left join
        class_rep c2_1 
            on c2_0.id=c2_1.id 
    left join
        people c2_2 
            on c2_0.id=c2_2.id 
    left join
        slot s1_0 
            on s1_0.id=tte1_0.slot_id 
    where
        tte1_0.id=?
Hibernate: 
    select
        tte1_0.course_id,
        tte1_0.id,
        tte1_0.active,
        tte1_0.batch,
        tte1_0.branch,
        tte1_0.course_identifier,
        tte1_0.date,
        s1_0.id,
        s1_0.name,
        tte1_0.slot_identifier,
        tte1_0.type 
    from
        time_table_entry tte1_0 
    left join
        slot s1_0 
            on s1_0.id=tte1_0.slot_id 
    where
        tte1_0.course_id=?
Hibernate: 
    select
        cl1_0.faculty_id,
        cl1_0.id,
        cl1_0.course_id,
        cl1_0.description,
        cl1_0.title 
    from
        course cl1_0 
    where
        cl1_0.faculty_id=?
Hibernate: 
    select
        es1_0.course_id,
        es1_1.id,
        case 
            when es1_2.id is not null 
                then 2 
            when es1_1.id is not null 
                then 1 
            when es1_3.id is not null 
                then 0 
        end,
        es1_3.password,
        es1_3.role,
        es1_3.username,
        es1_1.batch,
        es1_1.branch,
        es1_1.reg_no,
        es1_2.course 
    from
        student_courses es1_0 
    join
        student es1_1 
            on es1_1.id=es1_0.student_id 
    left join
        class_rep es1_2 
            on es1_1.id=es1_2.id 
    join
        people es1_3 
            on es1_1.id=es1_3.id 
    where
        es1_0.course_id=?
Hibernate: 
    select
        tte1_0.id,
        tte1_0.active,
        tte1_0.batch,
        tte1_0.branch,
        c1_0.id,
        c1_0.course_id,
        c1_0.description,
        f1_0.id,
        f1_1.password,
        f1_1.role,
        f1_1.username,
        f1_0.faculty_id,
        al1_0.faculty_id,
        al1_0.id,
        al1_0.app_id,
        c2_0.id,
        case 
            when c2_1.id is not null 
                then 2 
            when c2_0.id is not null 
                then 1 
            when c2_2.id is not null 
                then 0 
        end,
        c2_2.password,
        c2_2.role,
        c2_2.username,
        c2_0.batch,
        c2_0.branch,
        c2_0.reg_no,
        c2_1.course,
        al1_0.client_identifier,
        al1_0.client_name,
        al1_0.date,
        al1_0.reason,
        al1_0.recipient_identifier,
        al1_0.recipient_name,
        al1_0.slot,
        al1_0.status,
        c1_0.title,
        tte1_0.course_identifier,
        tte1_0.date,
        s1_0.id,
        s1_0.name,
        tte1_0.slot_identifier,
        tte1_0.type 
    from
        time_table_entry tte1_0 
    left join
        course c1_0 
            on c1_0.id=tte1_0.course_id 
    left join
        faculty f1_0 
            on f1_0.id=c1_0.faculty_id 
    left join
        people f1_1 
            on f1_0.id=f1_1.id 
    left join
        appointment al1_0 
            on f1_0.id=al1_0.faculty_id 
    left join
        student c2_0 
            on c2_0.id=al1_0.student_id 
    left join
        class_rep c2_1 
            on c2_0.id=c2_1.id 
    left join
        people c2_2 
            on c2_0.id=c2_2.id 
    left join
        slot s1_0 
            on s1_0.id=tte1_0.slot_id 
    where
        tte1_0.id=?
Hibernate: 
    select
        tte1_0.course_id,
        tte1_0.id,
        tte1_0.active,
        tte1_0.batch,
        tte1_0.branch,
        tte1_0.course_identifier,
        tte1_0.date,
        s1_0.id,
        s1_0.name,
        tte1_0.slot_identifier,
        tte1_0.type 
    from
        time_table_entry tte1_0 
    left join
        slot s1_0 
            on s1_0.id=tte1_0.slot_id 
    where
        tte1_0.course_id=?
Hibernate: 
    select
        cl1_0.faculty_id,
        cl1_0.id,
        cl1_0.course_id,
        cl1_0.description,
        cl1_0.title 
    from
        course cl1_0 
    where
        cl1_0.faculty_id=?
Hibernate: 
    select
        es1_0.course_id,
        es1_1.id,
        case 
            when es1_2.id is not null 
                then 2 
            when es1_1.id is not null 
                then 1 
            when es1_3.id is not null 
                then 0 
        end,
        es1_3.password,
        es1_3.role,
        es1_3.username,
        es1_1.batch,
        es1_1.branch,
        es1_1.reg_no,
        es1_2.course 
    from
        student_courses es1_0 
    join
        student es1_1 
            on es1_1.id=es1_0.student_id 
    left join
        class_rep es1_2 
            on es1_1.id=es1_2.id 
    join
        people es1_3 
            on es1_1.id=es1_3.id 
    where
        es1_0.course_id=?
Hibernate: 
    select
        tte1_0.id,
        tte1_0.active,
        tte1_0.batch,
        tte1_0.branch,
        c1_0.id,
        c1_0.course_id,
        c1_0.description,
        f1_0.id,
        f1_1.password,
        f1_1.role,
        f1_1.username,
        f1_0.faculty_id,
        al1_0.faculty_id,
        al1_0.id,
        al1_0.app_id,
        c2_0.id,
        case 
            when c2_1.id is not null 
                then 2 
            when c2_0.id is not null 
                then 1 
            when c2_2.id is not null 
                then 0 
        end,
        c2_2.password,
        c2_2.role,
        c2_2.username,
        c2_0.batch,
        c2_0.branch,
        c2_0.reg_no,
        c2_1.course,
        al1_0.client_identifier,
        al1_0.client_name,
        al1_0.date,
        al1_0.reason,
        al1_0.recipient_identifier,
        al1_0.recipient_name,
        al1_0.slot,
        al1_0.status,
        c1_0.title,
        tte1_0.course_identifier,
        tte1_0.date,
        s1_0.id,
        s1_0.name,
        tte1_0.slot_identifier,
        tte1_0.type 
    from
        time_table_entry tte1_0 
    left join
        course c1_0 
            on c1_0.id=tte1_0.course_id 
    left join
        faculty f1_0 
            on f1_0.id=c1_0.faculty_id 
    left join
        people f1_1 
            on f1_0.id=f1_1.id 
    left join
        appointment al1_0 
            on f1_0.id=al1_0.faculty_id 
    left join
        student c2_0 
            on c2_0.id=al1_0.student_id 
    left join
        class_rep c2_1 
            on c2_0.id=c2_1.id 
    left join
        people c2_2 
            on c2_0.id=c2_2.id 
    left join
        slot s1_0 
            on s1_0.id=tte1_0.slot_id 
    where
        tte1_0.id=?
Hibernate: 
    select
        tte1_0.course_id,
        tte1_0.id,
        tte1_0.active,
        tte1_0.batch,
        tte1_0.branch,
        tte1_0.course_identifier,
        tte1_0.date,
        s1_0.id,
        s1_0.name,
        tte1_0.slot_identifier,
        tte1_0.type 
    from
        time_table_entry tte1_0 
    left join
        slot s1_0 
            on s1_0.id=tte1_0.slot_id 
    where
        tte1_0.course_id=?
Hibernate: 
    select
        cl1_0.faculty_id,
        cl1_0.id,
        cl1_0.course_id,
        cl1_0.description,
        cl1_0.title 
    from
        course cl1_0 
    where
        cl1_0.faculty_id=?
Hibernate: 
    select
        es1_0.course_id,
        es1_1.id,
        case 
            when es1_2.id is not null 
                then 2 
            when es1_1.id is not null 
                then 1 
            when es1_3.id is not null 
                then 0 
        end,
        es1_3.password,
        es1_3.role,
        es1_3.username,
        es1_1.batch,
        es1_1.branch,
        es1_1.reg_no,
        es1_2.course 
    from
        student_courses es1_0 
    join
        student es1_1 
            on es1_1.id=es1_0.student_id 
    left join
        class_rep es1_2 
            on es1_1.id=es1_2.id 
    join
        people es1_3 
            on es1_1.id=es1_3.id 
    where
        es1_0.course_id=?
Hibernate: 
    select
        tte1_0.id,
        tte1_0.active,
        tte1_0.batch,
        tte1_0.branch,
        c1_0.id,
        c1_0.course_id,
        c1_0.description,
        f1_0.id,
        f1_1.password,
        f1_1.role,
        f1_1.username,
        f1_0.faculty_id,
        al1_0.faculty_id,
        al1_0.id,
        al1_0.app_id,
        c2_0.id,
        case 
            when c2_1.id is not null 
                then 2 
            when c2_0.id is not null 
                then 1 
            when c2_2.id is not null 
                then 0 
        end,
        c2_2.password,
        c2_2.role,
        c2_2.username,
        c2_0.batch,
        c2_0.branch,
        c2_0.reg_no,
        c2_1.course,
        al1_0.client_identifier,
        al1_0.client_name,
        al1_0.date,
        al1_0.reason,
        al1_0.recipient_identifier,
        al1_0.recipient_name,
        al1_0.slot,
        al1_0.status,
        c1_0.title,
        tte1_0.course_identifier,
        tte1_0.date,
        s1_0.id,
        s1_0.name,
        tte1_0.slot_identifier,
        tte1_0.type 
    from
        time_table_entry tte1_0 
    left join
        course c1_0 
            on c1_0.id=tte1_0.course_id 
    left join
        faculty f1_0 
            on f1_0.id=c1_0.faculty_id 
    left join
        people f1_1 
            on f1_0.id=f1_1.id 
    left join
        appointment al1_0 
            on f1_0.id=al1_0.faculty_id 
    left join
        student c2_0 
            on c2_0.id=al1_0.student_id 
    left join
        class_rep c2_1 
            on c2_0.id=c2_1.id 
    left join
        people c2_2 
            on c2_0.id=c2_2.id 
    left join
        slot s1_0 
            on s1_0.id=tte1_0.slot_id 
    where
        tte1_0.id=?
Hibernate: 
    select
        tte1_0.course_id,
        tte1_0.id,
        tte1_0.active,
        tte1_0.batch,
        tte1_0.branch,
        tte1_0.course_identifier,
        tte1_0.date,
        s1_0.id,
        s1_0.name,
        tte1_0.slot_identifier,
        tte1_0.type 
    from
        time_table_entry tte1_0 
    left join
        slot s1_0 
            on s1_0.id=tte1_0.slot_id 
    where
        tte1_0.course_id=?
Hibernate: 
    select
        cl1_0.faculty_id,
        cl1_0.id,
        cl1_0.course_id,
        cl1_0.description,
        cl1_0.title 
    from
        course cl1_0 
    where
        cl1_0.faculty_id=?
Hibernate: 
    select
        es1_0.course_id,
        es1_1.id,
        case 
            when es1_2.id is not null 
                then 2 
            when es1_1.id is not null 
                then 1 
            when es1_3.id is not null 
                then 0 
        end,
        es1_3.password,
        es1_3.role,
        es1_3.username,
        es1_1.batch,
        es1_1.branch,
        es1_1.reg_no,
        es1_2.course 
    from
        student_courses es1_0 
    join
        student es1_1 
            on es1_1.id=es1_0.student_id 
    left join
        class_rep es1_2 
            on es1_1.id=es1_2.id 
    join
        people es1_3 
            on es1_1.id=es1_3.id 
    where
        es1_0.course_id=?
Hibernate: 
    select
        tte1_0.id,
        tte1_0.active,
        tte1_0.batch,
        tte1_0.branch,
        c1_0.id,
        c1_0.course_id,
        c1_0.description,
        f1_0.id,
        f1_1.password,
        f1_1.role,
        f1_1.username,
        f1_0.faculty_id,
        al1_0.faculty_id,
        al1_0.id,
        al1_0.app_id,
        c2_0.id,
        case 
            when c2_1.id is not null 
                then 2 
            when c2_0.id is not null 
                then 1 
            when c2_2.id is not null 
                then 0 
        end,
        c2_2.password,
        c2_2.role,
        c2_2.username,
        c2_0.batch,
        c2_0.branch,
        c2_0.reg_no,
        c2_1.course,
        al1_0.client_identifier,
        al1_0.client_name,
        al1_0.date,
        al1_0.reason,
        al1_0.recipient_identifier,
        al1_0.recipient_name,
        al1_0.slot,
        al1_0.status,
        c1_0.title,
        tte1_0.course_identifier,
        tte1_0.date,
        s1_0.id,
        s1_0.name,
        tte1_0.slot_identifier,
        tte1_0.type 
    from
        time_table_entry tte1_0 
    left join
        course c1_0 
            on c1_0.id=tte1_0.course_id 
    left join
        faculty f1_0 
            on f1_0.id=c1_0.faculty_id 
    left join
        people f1_1 
            on f1_0.id=f1_1.id 
    left join
        appointment al1_0 
            on f1_0.id=al1_0.faculty_id 
    left join
        student c2_0 
            on c2_0.id=al1_0.student_id 
    left join
        class_rep c2_1 
            on c2_0.id=c2_1.id 
    left join
        people c2_2 
            on c2_0.id=c2_2.id 
    left join
        slot s1_0 
            on s1_0.id=tte1_0.slot_id 
    where
        tte1_0.id=?
Hibernate: 
    select
        tte1_0.course_id,
        tte1_0.id,
        tte1_0.active,
        tte1_0.batch,
        tte1_0.branch,
        tte1_0.course_identifier,
        tte1_0.date,
        s1_0.id,
        s1_0.name,
        tte1_0.slot_identifier,
        tte1_0.type 
    from
        time_table_entry tte1_0 
    left join
        slot s1_0 
            on s1_0.id=tte1_0.slot_id 
    where
        tte1_0.course_id=?
Hibernate: 
    select
        cl1_0.faculty_id,
        cl1_0.id,
        cl1_0.course_id,
        cl1_0.description,
        cl1_0.title 
    from
        course cl1_0 
    where
        cl1_0.faculty_id=?
Hibernate: 
    select
        es1_0.course_id,
        es1_1.id,
        case 
            when es1_2.id is not null 
                then 2 
            when es1_1.id is not null 
                then 1 
            when es1_3.id is not null 
                then 0 
        end,
        es1_3.password,
        es1_3.role,
        es1_3.username,
        es1_1.batch,
        es1_1.branch,
        es1_1.reg_no,
        es1_2.course 
    from
        student_courses es1_0 
    join
        student es1_1 
            on es1_1.id=es1_0.student_id 
    left join
        class_rep es1_2 
            on es1_1.id=es1_2.id 
    join
        people es1_3 
            on es1_1.id=es1_3.id 
    where
        es1_0.course_id=?
Hibernate: 
    select
        tte1_0.id,
        tte1_0.active,
        tte1_0.batch,
        tte1_0.branch,
        c1_0.id,
        c1_0.course_id,
        c1_0.description,
        f1_0.id,
        f1_1.password,
        f1_1.role,
        f1_1.username,
        f1_0.faculty_id,
        al1_0.faculty_id,
        al1_0.id,
        al1_0.app_id,
        c2_0.id,
        case 
            when c2_1.id is not null 
                then 2 
            when c2_0.id is not null 
                then 1 
            when c2_2.id is not null 
                then 0 
        end,
        c2_2.password,
        c2_2.role,
        c2_2.username,
        c2_0.batch,
        c2_0.branch,
        c2_0.reg_no,
        c2_1.course,
        al1_0.client_identifier,
        al1_0.client_name,
        al1_0.date,
        al1_0.reason,
        al1_0.recipient_identifier,
        al1_0.recipient_name,
        al1_0.slot,
        al1_0.status,
        c1_0.title,
        tte1_0.course_identifier,
        tte1_0.date,
        s1_0.id,
        s1_0.name,
        tte1_0.slot_identifier,
        tte1_0.type 
    from
        time_table_entry tte1_0 
    left join
        course c1_0 
            on c1_0.id=tte1_0.course_id 
    left join
        faculty f1_0 
            on f1_0.id=c1_0.faculty_id 
    left join
        people f1_1 
            on f1_0.id=f1_1.id 
    left join
        appointment al1_0 
            on f1_0.id=al1_0.faculty_id 
    left join
        student c2_0 
            on c2_0.id=al1_0.student_id 
    left join
        class_rep c2_1 
            on c2_0.id=c2_1.id 
    left join
        people c2_2 
            on c2_0.id=c2_2.id 
    left join
        slot s1_0 
            on s1_0.id=tte1_0.slot_id 
    where
        tte1_0.id=?
Hibernate: 
    select
        tte1_0.course_id,
        tte1_0.id,
        tte1_0.active,
        tte1_0.batch,
        tte1_0.branch,
        tte1_0.course_identifier,
        tte1_0.date,
        s1_0.id,
        s1_0.name,
        tte1_0.slot_identifier,
        tte1_0.type 
    from
        time_table_entry tte1_0 
    left join
        slot s1_0 
            on s1_0.id=tte1_0.slot_id 
    where
        tte1_0.course_id=?
Hibernate: 
    select
        cl1_0.faculty_id,
        cl1_0.id,
        cl1_0.course_id,
        cl1_0.description,
        cl1_0.title 
    from
        course cl1_0 
    where
        cl1_0.faculty_id=?
Hibernate: 
    select
        es1_0.course_id,
        es1_1.id,
        case 
            when es1_2.id is not null 
                then 2 
            when es1_1.id is not null 
                then 1 
            when es1_3.id is not null 
                then 0 
        end,
        es1_3.password,
        es1_3.role,
        es1_3.username,
        es1_1.batch,
        es1_1.branch,
        es1_1.reg_no,
        es1_2.course 
    from
        student_courses es1_0 
    join
        student es1_1 
            on es1_1.id=es1_0.student_id 
    left join
        class_rep es1_2 
            on es1_1.id=es1_2.id 
    join
        people es1_3 
            on es1_1.id=es1_3.id 
    where
        es1_0.course_id=?
Hibernate: 
    select
        tte1_0.id,
        tte1_0.active,
        tte1_0.batch,
        tte1_0.branch,
        c1_0.id,
        c1_0.course_id,
        c1_0.description,
        f1_0.id,
        f1_1.password,
        f1_1.role,
        f1_1.username,
        f1_0.faculty_id,
        al1_0.faculty_id,
        al1_0.id,
        al1_0.app_id,
        c2_0.id,
        case 
            when c2_1.id is not null 
                then 2 
            when c2_0.id is not null 
                then 1 
            when c2_2.id is not null 
                then 0 
        end,
        c2_2.password,
        c2_2.role,
        c2_2.username,
        c2_0.batch,
        c2_0.branch,
        c2_0.reg_no,
        c2_1.course,
        al1_0.client_identifier,
        al1_0.client_name,
        al1_0.date,
        al1_0.reason,
        al1_0.recipient_identifier,
        al1_0.recipient_name,
        al1_0.slot,
        al1_0.status,
        c1_0.title,
        tte1_0.course_identifier,
        tte1_0.date,
        s1_0.id,
        s1_0.name,
        tte1_0.slot_identifier,
        tte1_0.type 
    from
        time_table_entry tte1_0 
    left join
        course c1_0 
            on c1_0.id=tte1_0.course_id 
    left join
        faculty f1_0 
            on f1_0.id=c1_0.faculty_id 
    left join
        people f1_1 
            on f1_0.id=f1_1.id 
    left join
        appointment al1_0 
            on f1_0.id=al1_0.faculty_id 
    left join
        student c2_0 
            on c2_0.id=al1_0.student_id 
    left join
        class_rep c2_1 
            on c2_0.id=c2_1.id 
    left join
        people c2_2 
            on c2_0.id=c2_2.id 
    left join
        slot s1_0 
            on s1_0.id=tte1_0.slot_id 
    where
        tte1_0.id=?
Hibernate: 
    select
        tte1_0.course_id,
        tte1_0.id,
        tte1_0.active,
        tte1_0.batch,
        tte1_0.branch,
        tte1_0.course_identifier,
        tte1_0.date,
        s1_0.id,
        s1_0.name,
        tte1_0.slot_identifier,
        tte1_0.type 
    from
        time_table_entry tte1_0 
    left join
        slot s1_0 
            on s1_0.id=tte1_0.slot_id 
    where
        tte1_0.course_id=?
Hibernate: 
    select
        cl1_0.faculty_id,
        cl1_0.id,
        cl1_0.course_id,
        cl1_0.description,
        cl1_0.title 
    from
        course cl1_0 
    where
        cl1_0.faculty_id=?
Hibernate: 
    select
        ec1_0.student_id,
        ec1_1.id,
        ec1_1.course_id,
        ec1_1.description,
        f1_0.id,
        f1_1.password,
        f1_1.role,
        f1_1.username,
        f1_0.faculty_id,
        ec1_1.title 
    from
        student_courses ec1_0 
    join
        course ec1_1 
            on ec1_1.id=ec1_0.course_id 
    left join
        faculty f1_0 
            on f1_0.id=ec1_1.faculty_id 
    left join
        people f1_1 
            on f1_0.id=f1_1.id 
    where
        ec1_0.student_id=?
Hibernate: 
    select
        al1_0.student_id,
        al1_0.id,
        al1_0.app_id,
        al1_0.client_identifier,
        al1_0.client_name,
        al1_0.date,
        al1_0.reason,
        r1_0.id,
        r1_1.password,
        r1_1.role,
        r1_1.username,
        r1_0.faculty_id,
        al1_0.recipient_identifier,
        al1_0.recipient_name,
        al1_0.slot,
        al1_0.status 
    from
        appointment al1_0 
    left join
        faculty r1_0 
            on r1_0.id=al1_0.faculty_id 
    left join
        people r1_1 
            on r1_0.id=r1_1.id 
    where
        al1_0.student_id=?
Hibernate: 
    select
        es1_0.course_id,
        es1_1.id,
        case 
            when es1_2.id is not null 
                then 2 
            when es1_1.id is not null 
                then 1 
            when es1_3.id is not null 
                then 0 
        end,
        es1_3.password,
        es1_3.role,
        es1_3.username,
        es1_1.batch,
        es1_1.branch,
        es1_1.reg_no,
        es1_2.course 
    from
        student_courses es1_0 
    join
        student es1_1 
            on es1_1.id=es1_0.student_id 
    left join
        class_rep es1_2 
            on es1_1.id=es1_2.id 
    join
        people es1_3 
            on es1_1.id=es1_3.id 
    where
        es1_0.course_id=?
Hibernate: 
    select
        tte1_0.id,
        tte1_0.active,
        tte1_0.batch,
        tte1_0.branch,
        c1_0.id,
        c1_0.course_id,
        c1_0.description,
        f1_0.id,
        f1_1.password,
        f1_1.role,
        f1_1.username,
        f1_0.faculty_id,
        al1_0.faculty_id,
        al1_0.id,
        al1_0.app_id,
        c2_0.id,
        case 
            when c2_1.id is not null 
                then 2 
            when c2_0.id is not null 
                then 1 
            when c2_2.id is not null 
                then 0 
        end,
        c2_2.password,
        c2_2.role,
        c2_2.username,
        c2_0.batch,
        c2_0.branch,
        c2_0.reg_no,
        c2_1.course,
        al1_0.client_identifier,
        al1_0.client_name,
        al1_0.date,
        al1_0.reason,
        al1_0.recipient_identifier,
        al1_0.recipient_name,
        al1_0.slot,
        al1_0.status,
        c1_0.title,
        tte1_0.course_identifier,
        tte1_0.date,
        s1_0.id,
        s1_0.name,
        tte1_0.slot_identifier,
        tte1_0.type 
    from
        time_table_entry tte1_0 
    left join
        course c1_0 
            on c1_0.id=tte1_0.course_id 
    left join
        faculty f1_0 
            on f1_0.id=c1_0.faculty_id 
    left join
        people f1_1 
            on f1_0.id=f1_1.id 
    left join
        appointment al1_0 
            on f1_0.id=al1_0.faculty_id 
    left join
        student c2_0 
            on c2_0.id=al1_0.student_id 
    left join
        class_rep c2_1 
            on c2_0.id=c2_1.id 
    left join
        people c2_2 
            on c2_0.id=c2_2.id 
    left join
        slot s1_0 
            on s1_0.id=tte1_0.slot_id 
    where
        tte1_0.id=?
Hibernate: 
    select
        tte1_0.course_id,
        tte1_0.id,
        tte1_0.active,
        tte1_0.batch,
        tte1_0.branch,
        tte1_0.course_identifier,
        tte1_0.date,
        s1_0.id,
        s1_0.name,
        tte1_0.slot_identifier,
        tte1_0.type 
    from
        time_table_entry tte1_0 
    left join
        slot s1_0 
            on s1_0.id=tte1_0.slot_id 
    where
        tte1_0.course_id=?
Hibernate: 
    select
        cl1_0.faculty_id,
        cl1_0.id,
        cl1_0.course_id,
        cl1_0.description,
        cl1_0.title 
    from
        course cl1_0 
    where
        cl1_0.faculty_id=?
Hibernate: 
    select
        ec1_0.student_id,
        ec1_1.id,
        ec1_1.course_id,
        ec1_1.description,
        f1_0.id,
        f1_1.password,
        f1_1.role,
        f1_1.username,
        f1_0.faculty_id,
        ec1_1.title 
    from
        student_courses ec1_0 
    join
        course ec1_1 
            on ec1_1.id=ec1_0.course_id 
    left join
        faculty f1_0 
            on f1_0.id=ec1_1.faculty_id 
    left join
        people f1_1 
            on f1_0.id=f1_1.id 
    where
        ec1_0.student_id=?
Hibernate: 
    select
        al1_0.student_id,
        al1_0.id,
        al1_0.app_id,
        al1_0.client_identifier,
        al1_0.client_name,
        al1_0.date,
        al1_0.reason,
        r1_0.id,
        r1_1.password,
        r1_1.role,
        r1_1.username,
        r1_0.faculty_id,
        al1_0.recipient_identifier,
        al1_0.recipient_name,
        al1_0.slot,
        al1_0.status 
    from
        appointment al1_0 
    left join
        faculty r1_0 
            on r1_0.id=al1_0.faculty_id 
    left join
        people r1_1 
            on r1_0.id=r1_1.id 
    where
        al1_0.student_id=?
Hibernate: 
    select
        es1_0.course_id,
        es1_1.id,
        case 
            when es1_2.id is not null 
                then 2 
            when es1_1.id is not null 
                then 1 
            when es1_3.id is not null 
                then 0 
        end,
        es1_3.password,
        es1_3.role,
        es1_3.username,
        es1_1.batch,
        es1_1.branch,
        es1_1.reg_no,
        es1_2.course 
    from
        student_courses es1_0 
    join
        student es1_1 
            on es1_1.id=es1_0.student_id 
    left join
        class_rep es1_2 
            on es1_1.id=es1_2.id 
    join
        people es1_3 
            on es1_1.id=es1_3.id 
    where
        es1_0.course_id=?
Hibernate: 
    select
        tte1_0.id,
        tte1_0.active,
        tte1_0.batch,
        tte1_0.branch,
        c1_0.id,
        c1_0.course_id,
        c1_0.description,
        f1_0.id,
        f1_1.password,
        f1_1.role,
        f1_1.username,
        f1_0.faculty_id,
        al1_0.faculty_id,
        al1_0.id,
        al1_0.app_id,
        c2_0.id,
        case 
            when c2_1.id is not null 
                then 2 
            when c2_0.id is not null 
                then 1 
            when c2_2.id is not null 
                then 0 
        end,
        c2_2.password,
        c2_2.role,
        c2_2.username,
        c2_0.batch,
        c2_0.branch,
        c2_0.reg_no,
        c2_1.course,
        al1_0.client_identifier,
        al1_0.client_name,
        al1_0.date,
        al1_0.reason,
        al1_0.recipient_identifier,
        al1_0.recipient_name,
        al1_0.slot,
        al1_0.status,
        c1_0.title,
        tte1_0.course_identifier,
        tte1_0.date,
        s1_0.id,
        s1_0.name,
        tte1_0.slot_identifier,
        tte1_0.type 
    from
        time_table_entry tte1_0 
    left join
        course c1_0 
            on c1_0.id=tte1_0.course_id 
    left join
        faculty f1_0 
            on f1_0.id=c1_0.faculty_id 
    left join
        people f1_1 
            on f1_0.id=f1_1.id 
    left join
        appointment al1_0 
            on f1_0.id=al1_0.faculty_id 
    left join
        student c2_0 
            on c2_0.id=al1_0.student_id 
    left join
        class_rep c2_1 
            on c2_0.id=c2_1.id 
    left join
        people c2_2 
            on c2_0.id=c2_2.id 
    left join
        slot s1_0 
            on s1_0.id=tte1_0.slot_id 
    where
        tte1_0.id=?
Hibernate: 
    select
        tte1_0.course_id,
        tte1_0.id,
        tte1_0.active,
        tte1_0.batch,
        tte1_0.branch,
        tte1_0.course_identifier,
        tte1_0.date,
        s1_0.id,
        s1_0.name,
        tte1_0.slot_identifier,
        tte1_0.type 
    from
        time_table_entry tte1_0 
    left join
        slot s1_0 
            on s1_0.id=tte1_0.slot_id 
    where
        tte1_0.course_id=?
Hibernate: 
    select
        cl1_0.faculty_id,
        cl1_0.id,
        cl1_0.course_id,
        cl1_0.description,
        cl1_0.title 
    from
        course cl1_0 
    where
        cl1_0.faculty_id=?
Hibernate: 
    select
        ec1_0.student_id,
        ec1_1.id,
        ec1_1.course_id,
        ec1_1.description,
        f1_0.id,
        f1_1.password,
        f1_1.role,
        f1_1.username,
        f1_0.faculty_id,
        ec1_1.title 
    from
        student_courses ec1_0 
    join
        course ec1_1 
            on ec1_1.id=ec1_0.course_id 
    left join
        faculty f1_0 
            on f1_0.id=ec1_1.faculty_id 
    left join
        people f1_1 
            on f1_0.id=f1_1.id 
    where
        ec1_0.student_id=?
Hibernate: 
    select
        al1_0.student_id,
        al1_0.id,
        al1_0.app_id,
        al1_0.client_identifier,
        al1_0.client_name,
        al1_0.date,
        al1_0.reason,
        r1_0.id,
        r1_1.password,
        r1_1.role,
        r1_1.username,
        r1_0.faculty_id,
        al1_0.recipient_identifier,
        al1_0.recipient_name,
        al1_0.slot,
        al1_0.status 
    from
        appointment al1_0 
    left join
        faculty r1_0 
            on r1_0.id=al1_0.faculty_id 
    left join
        people r1_1 
            on r1_0.id=r1_1.id 
    where
        al1_0.student_id=?
Hibernate: 
    select
        es1_0.course_id,
        es1_1.id,
        case 
            when es1_2.id is not null 
                then 2 
            when es1_1.id is not null 
                then 1 
            when es1_3.id is not null 
                then 0 
        end,
        es1_3.password,
        es1_3.role,
        es1_3.username,
        es1_1.batch,
        es1_1.branch,
        es1_1.reg_no,
        es1_2.course 
    from
        student_courses es1_0 
    join
        student es1_1 
            on es1_1.id=es1_0.student_id 
    left join
        class_rep es1_2 
            on es1_1.id=es1_2.id 
    join
        people es1_3 
            on es1_1.id=es1_3.id 
    where
        es1_0.course_id=?
Hibernate: 
    select
        tte1_0.id,
        tte1_0.active,
        tte1_0.batch,
        tte1_0.branch,
        c1_0.id,
        c1_0.course_id,
        c1_0.description,
        f1_0.id,
        f1_1.password,
        f1_1.role,
        f1_1.username,
        f1_0.faculty_id,
        al1_0.faculty_id,
        al1_0.id,
        al1_0.app_id,
        c2_0.id,
        case 
            when c2_1.id is not null 
                then 2 
            when c2_0.id is not null 
                then 1 
            when c2_2.id is not null 
                then 0 
        end,
        c2_2.password,
        c2_2.role,
        c2_2.username,
        c2_0.batch,
        c2_0.branch,
        c2_0.reg_no,
        c2_1.course,
        al1_0.client_identifier,
        al1_0.client_name,
        al1_0.date,
        al1_0.reason,
        al1_0.recipient_identifier,
        al1_0.recipient_name,
        al1_0.slot,
        al1_0.status,
        c1_0.title,
        tte1_0.course_identifier,
        tte1_0.date,
        s1_0.id,
        s1_0.name,
        tte1_0.slot_identifier,
        tte1_0.type 
    from
        time_table_entry tte1_0 
    left join
        course c1_0 
            on c1_0.id=tte1_0.course_id 
    left join
        faculty f1_0 
            on f1_0.id=c1_0.faculty_id 
    left join
        people f1_1 
            on f1_0.id=f1_1.id 
    left join
        appointment al1_0 
            on f1_0.id=al1_0.faculty_id 
    left join
        student c2_0 
            on c2_0.id=al1_0.student_id 
    left join
        class_rep c2_1 
            on c2_0.id=c2_1.id 
    left join
        people c2_2 
            on c2_0.id=c2_2.id 
    left join
        slot s1_0 
            on s1_0.id=tte1_0.slot_id 
    where
        tte1_0.id=?
Hibernate: 
    select
        tte1_0.course_id,
        tte1_0.id,
        tte1_0.active,
        tte1_0.batch,
        tte1_0.branch,
        tte1_0.course_identifier,
        tte1_0.date,
        s1_0.id,
        s1_0.name,
        tte1_0.slot_identifier,
        tte1_0.type 
    from
        time_table_entry tte1_0 
    left join
        slot s1_0 
            on s1_0.id=tte1_0.slot_id 
    where
        tte1_0.course_id=?
Hibernate: 
    select
        cl1_0.faculty_id,
        cl1_0.id,
        cl1_0.course_id,
        cl1_0.description,
        cl1_0.title 
    from
        course cl1_0 
    where
        cl1_0.faculty_id=?
Hibernate: 
    select
        es1_0.course_id,
        es1_1.id,
        case 
            when es1_2.id is not null 
                then 2 
            when es1_1.id is not null 
                then 1 
            when es1_3.id is not null 
                then 0 
        end,
        es1_3.password,
        es1_3.role,
        es1_3.username,
        es1_1.batch,
        es1_1.branch,
        es1_1.reg_no,
        es1_2.course 
    from
        student_courses es1_0 
    join
        student es1_1 
            on es1_1.id=es1_0.student_id 
    left join
        class_rep es1_2 
            on es1_1.id=es1_2.id 
    join
        people es1_3 
            on es1_1.id=es1_3.id 
    where
        es1_0.course_id=?
Hibernate: 
    select
        tte1_0.id,
        tte1_0.active,
        tte1_0.batch,
        tte1_0.branch,
        c1_0.id,
        c1_0.course_id,
        c1_0.description,
        f1_0.id,
        f1_1.password,
        f1_1.role,
        f1_1.username,
        f1_0.faculty_id,
        al1_0.faculty_id,
        al1_0.id,
        al1_0.app_id,
        c2_0.id,
        case 
            when c2_1.id is not null 
                then 2 
            when c2_0.id is not null 
                then 1 
            when c2_2.id is not null 
                then 0 
        end,
        c2_2.password,
        c2_2.role,
        c2_2.username,
        c2_0.batch,
        c2_0.branch,
        c2_0.reg_no,
        c2_1.course,
        al1_0.client_identifier,
        al1_0.client_name,
        al1_0.date,
        al1_0.reason,
        al1_0.recipient_identifier,
        al1_0.recipient_name,
        al1_0.slot,
        al1_0.status,
        c1_0.title,
        tte1_0.course_identifier,
        tte1_0.date,
        s1_0.id,
        s1_0.name,
        tte1_0.slot_identifier,
        tte1_0.type 
    from
        time_table_entry tte1_0 
    left join
        course c1_0 
            on c1_0.id=tte1_0.course_id 
    left join
        faculty f1_0 
            on f1_0.id=c1_0.faculty_id 
    left join
        people f1_1 
            on f1_0.id=f1_1.id 
    left join
        appointment al1_0 
            on f1_0.id=al1_0.faculty_id 
    left join
        student c2_0 
            on c2_0.id=al1_0.student_id 
    left join
        class_rep c2_1 
            on c2_0.id=c2_1.id 
    left join
        people c2_2 
            on c2_0.id=c2_2.id 
    left join
        slot s1_0 
            on s1_0.id=tte1_0.slot_id 
    where
        tte1_0.id=?
Hibernate: 
    select
        tte1_0.course_id,
        tte1_0.id,
        tte1_0.active,
        tte1_0.batch,
        tte1_0.branch,
        tte1_0.course_identifier,
        tte1_0.date,
        s1_0.id,
        s1_0.name,
        tte1_0.slot_identifier,
        tte1_0.type 
    from
        time_table_entry tte1_0 
    left join
        slot s1_0 
            on s1_0.id=tte1_0.slot_id 
    where
        tte1_0.course_id=?
Hibernate: 
    select
        cl1_0.faculty_id,
        cl1_0.id,
        cl1_0.course_id,
        cl1_0.description,
        cl1_0.title 
    from
        course cl1_0 
    where
        cl1_0.faculty_id=?
Hibernate: 
    select
        es1_0.course_id,
        es1_1.id,
        case 
            when es1_2.id is not null 
                then 2 
            when es1_1.id is not null 
                then 1 
            when es1_3.id is not null 
                then 0 
        end,
        es1_3.password,
        es1_3.role,
        es1_3.username,
        es1_1.batch,
        es1_1.branch,
        es1_1.reg_no,
        es1_2.course 
    from
        student_courses es1_0 
    join
        student es1_1 
            on es1_1.id=es1_0.student_id 
    left join
        class_rep es1_2 
            on es1_1.id=es1_2.id 
    join
        people es1_3 
            on es1_1.id=es1_3.id 
    where
        es1_0.course_id=?
Hibernate: 
    select
        tte1_0.id,
        tte1_0.active,
        tte1_0.batch,
        tte1_0.branch,
        c1_0.id,
        c1_0.course_id,
        c1_0.description,
        f1_0.id,
        f1_1.password,
        f1_1.role,
        f1_1.username,
        f1_0.faculty_id,
        al1_0.faculty_id,
        al1_0.id,
        al1_0.app_id,
        c2_0.id,
        case 
            when c2_1.id is not null 
                then 2 
            when c2_0.id is not null 
                then 1 
            when c2_2.id is not null 
                then 0 
        end,
        c2_2.password,
        c2_2.role,
        c2_2.username,
        c2_0.batch,
        c2_0.branch,
        c2_0.reg_no,
        c2_1.course,
        al1_0.client_identifier,
        al1_0.client_name,
        al1_0.date,
        al1_0.reason,
        al1_0.recipient_identifier,
        al1_0.recipient_name,
        al1_0.slot,
        al1_0.status,
        c1_0.title,
        tte1_0.course_identifier,
        tte1_0.date,
        s1_0.id,
        s1_0.name,
        tte1_0.slot_identifier,
        tte1_0.type 
    from
        time_table_entry tte1_0 
    left join
        course c1_0 
            on c1_0.id=tte1_0.course_id 
    left join
        faculty f1_0 
            on f1_0.id=c1_0.faculty_id 
    left join
        people f1_1 
            on f1_0.id=f1_1.id 
    left join
        appointment al1_0 
            on f1_0.id=al1_0.faculty_id 
    left join
        student c2_0 
            on c2_0.id=al1_0.student_id 
    left join
        class_rep c2_1 
            on c2_0.id=c2_1.id 
    left join
        people c2_2 
            on c2_0.id=c2_2.id 
    left join
        slot s1_0 
            on s1_0.id=tte1_0.slot_id 
    where
        tte1_0.id=?
Hibernate: 
    select
        tte1_0.course_id,
        tte1_0.id,
        tte1_0.active,
        tte1_0.batch,
        tte1_0.branch,
        tte1_0.course_identifier,
        tte1_0.date,
        s1_0.id,
        s1_0.name,
        tte1_0.slot_identifier,
        tte1_0.type 
    from
        time_table_entry tte1_0 
    left join
        slot s1_0 
            on s1_0.id=tte1_0.slot_id 
    where
        tte1_0.course_id=?
Hibernate: 
    select
        cl1_0.faculty_id,
        cl1_0.id,
        cl1_0.course_id,
        cl1_0.description,
        cl1_0.title 
    from
        course cl1_0 
    where
        cl1_0.faculty_id=?
Hibernate: 
    select
        es1_0.course_id,
        es1_1.id,
        case 
            when es1_2.id is not null 
                then 2 
            when es1_1.id is not null 
                then 1 
            when es1_3.id is not null 
                then 0 
        end,
        es1_3.password,
        es1_3.role,
        es1_3.username,
        es1_1.batch,
        es1_1.branch,
        es1_1.reg_no,
        es1_2.course 
    from
        student_courses es1_0 
    join
        student es1_1 
            on es1_1.id=es1_0.student_id 
    left join
        class_rep es1_2 
            on es1_1.id=es1_2.id 
    join
        people es1_3 
            on es1_1.id=es1_3.id 
    where
        es1_0.course_id=?
Hibernate: 
    select
        tte1_0.id,
        tte1_0.active,
        tte1_0.batch,
        tte1_0.branch,
        c1_0.id,
        c1_0.course_id,
        c1_0.description,
        f1_0.id,
        f1_1.password,
        f1_1.role,
        f1_1.username,
        f1_0.faculty_id,
        al1_0.faculty_id,
        al1_0.id,
        al1_0.app_id,
        c2_0.id,
        case 
            when c2_1.id is not null 
                then 2 
            when c2_0.id is not null 
                then 1 
            when c2_2.id is not null 
                then 0 
        end,
        c2_2.password,
        c2_2.role,
        c2_2.username,
        c2_0.batch,
        c2_0.branch,
        c2_0.reg_no,
        c2_1.course,
        al1_0.client_identifier,
        al1_0.client_name,
        al1_0.date,
        al1_0.reason,
        al1_0.recipient_identifier,
        al1_0.recipient_name,
        al1_0.slot,
        al1_0.status,
        c1_0.title,
        tte1_0.course_identifier,
        tte1_0.date,
        s1_0.id,
        s1_0.name,
        tte1_0.slot_identifier,
        tte1_0.type 
    from
        time_table_entry tte1_0 
    left join
        course c1_0 
            on c1_0.id=tte1_0.course_id 
    left join
        faculty f1_0 
            on f1_0.id=c1_0.faculty_id 
    left join
        people f1_1 
            on f1_0.id=f1_1.id 
    left join
        appointment al1_0 
            on f1_0.id=al1_0.faculty_id 
    left join
        student c2_0 
            on c2_0.id=al1_0.student_id 
    left join
        class_rep c2_1 
            on c2_0.id=c2_1.id 
    left join
        people c2_2 
            on c2_0.id=c2_2.id 
    left join
        slot s1_0 
            on s1_0.id=tte1_0.slot_id 
    where
        tte1_0.id=?
Hibernate: 
    select
        tte1_0.course_id,
        tte1_0.id,
        tte1_0.active,
        tte1_0.batch,
        tte1_0.branch,
        tte1_0.course_identifier,
        tte1_0.date,
        s1_0.id,
        s1_0.name,
        tte1_0.slot_identifier,
        tte1_0.type 
    from
        time_table_entry tte1_0 
    left join
        slot s1_0 
            on s1_0.id=tte1_0.slot_id 
    where
        tte1_0.course_id=?
Hibernate: 
    select
        cl1_0.faculty_id,
        cl1_0.id,
        cl1_0.course_id,
        cl1_0.description,
        cl1_0.title 
    from
        course cl1_0 
    where
        cl1_0.faculty_id=?
Hibernate: 
    select
        es1_0.course_id,
        es1_1.id,
        case 
            when es1_2.id is not null 
                then 2 
            when es1_1.id is not null 
                then 1 
            when es1_3.id is not null 
                then 0 
        end,
        es1_3.password,
        es1_3.role,
        es1_3.username,
        es1_1.batch,
        es1_1.branch,
        es1_1.reg_no,
        es1_2.course 
    from
        student_courses es1_0 
    join
        student es1_1 
            on es1_1.id=es1_0.student_id 
    left join
        class_rep es1_2 
            on es1_1.id=es1_2.id 
    join
        people es1_3 
            on es1_1.id=es1_3.id 
    where
        es1_0.course_id=?
]]></system-out>
    <system-err><![CDATA[Mockito is currently self-attaching to enable the inline-mock-maker. This will no longer work in future releases of the JDK. Please add Mockito as an agent to your build what is described in Mockito's documentation: https://javadoc.io/doc/org.mockito/mockito-core/latest/org/mockito/Mockito.html#0.3
WARNING: A Java agent has been loaded dynamically (/Users/ansafhassan/.m2/repository/net/bytebuddy/byte-buddy-agent/1.15.11/byte-buddy-agent-1.15.11.jar)
WARNING: If a serviceability tool is in use, please run with -XX:+EnableDynamicAgentLoading to hide this warning
WARNING: If a serviceability tool is not in use, please run with -Djdk.instrument.traceUsage for more information
WARNING: Dynamic loading of agents will be disallowed by default in a future release
]]></system-err>
  </testcase>
</testsuite>